<?xml version="1.0" encoding="UTF-8"?>
<!-- Generated by org.testng.reporters.JUnitReportReporter -->
<testsuite skipped="0" hostname="PVGN56590495A" name="com.selenium.BasicIT" tests="2" failures="0" timestamp="16 Jul 2020 02:34:55 GMT" time="26.746" errors="0">
  <testcase name="googleMilkExample" time="13.806" classname="com.selenium.BasicIT"/>
  <testcase name="googleCheeseExample" time="12.940" classname="com.selenium.BasicIT"/>
</testsuite> <!-- com.selenium.BasicIT -->
