<?xml version="1.0" encoding="UTF-8"?>
<!-- Generated by org.testng.reporters.JUnitReportReporter -->
<testsuite skipped="0" hostname="PVGN56590495A" name="com.selenium.BasicIT" tests="2" failures="0" timestamp="23 Jul 2020 01:33:29 GMT" time="27.669" errors="0">
  <testcase name="googleMilkExample" time="11.740" classname="com.selenium.BasicIT"/>
  <testcase name="googleCheeseExample" time="15.929" classname="com.selenium.BasicIT"/>
</testsuite> <!-- com.selenium.BasicIT -->
