<?xml version="1.0" encoding="UTF-8"?>
<!-- Generated by org.testng.reporters.JUnitReportReporter -->
<testsuite hostname="PVGN56590495A" failures="0" tests="3" name="com.selenium.BasicIT" time="180.136" errors="0" timestamp="30 Jul 2020 02:22:49 GMT" skipped="0">
  <testcase classname="com.selenium.BasicIT" name="googleMilkExample" time="58.271"/>
  <testcase classname="com.selenium.BasicIT" name="googleCheeseExample" time="59.061"/>
  <testcase classname="com.selenium.BasicIT" name="googleCakeExample" time="62.804"/>
</testsuite> <!-- com.selenium.BasicIT -->
