<?xml version="1.0" encoding="UTF-8"?>
<!-- Generated by org.testng.reporters.JUnitReportReporter -->
<testsuite skipped="0" hostname="PVGN56590495A" name="com.selenium.BasicIT" tests="2" failures="0" timestamp="21 Jul 2020 02:38:52 GMT" time="397.571" errors="0">
  <testcase name="googleMilkExample" time="170.766" classname="com.selenium.BasicIT"/>
  <testcase name="googleCheeseExample" time="226.805" classname="com.selenium.BasicIT"/>
</testsuite> <!-- com.selenium.BasicIT -->
