<?xml version="1.0" encoding="UTF-8"?>
<!-- Generated by org.testng.reporters.JUnitReportReporter -->
<testsuite hostname="PVGN56590495A" failures="0" tests="3" name="com.selenium.BasicIT" time="55.062" errors="0" timestamp="30 Jul 2020 06:10:24 GMT" skipped="0">
  <testcase classname="com.selenium.BasicIT" name="googleMilkExample" time="18.567"/>
  <testcase classname="com.selenium.BasicIT" name="googleCheeseExample" time="17.524"/>
  <testcase classname="com.selenium.BasicIT" name="googleCakeExample" time="18.971"/>
</testsuite> <!-- com.selenium.BasicIT -->
