<?xml version="1.0" encoding="UTF-8"?>
<!-- Generated by org.testng.reporters.JUnitReportReporter -->
<testsuite hostname="PVGN56590495A" failures="0" tests="3" name="com.selenium.BasicIT" time="54.403" errors="0" timestamp="29 Jul 2020 01:47:18 GMT" skipped="0">
  <testcase classname="com.selenium.BasicIT" name="googleMilkExample" time="17.464"/>
  <testcase classname="com.selenium.BasicIT" name="googleCheeseExample" time="17.704"/>
  <testcase classname="com.selenium.BasicIT" name="googleCakeExample" time="19.235"/>
</testsuite> <!-- com.selenium.BasicIT -->
