<?xml version="1.0" encoding="UTF-8"?>
<testsuite xmlns:xsi="http://www.w3.org/2001/XMLSchema-instance" xsi:noNamespaceSchemaLocation="https://maven.apache.org/surefire/maven-failsafe-plugin/xsd/failsafe-test-report.xsd" name="com.selenium.BasicIT" time="20.033" tests="2" errors="0" skipped="0" failures="0">
  <properties>
    <property name="sun.desktop" value="windows"/>
    <property name="awt.toolkit" value="sun.awt.windows.WToolkit"/>
    <property name="file.encoding.pkg" value="sun.io"/>
    <property name="java.specification.version" value="1.8"/>
    <property name="sun.cpu.isalist" value="amd64"/>
    <property name="sun.jnu.encoding" value="Cp1252"/>
    <property name="java.class.path" value="C:\GitIDEA\selenium-testng-study\target\test-classes;C:\GitIDEA\selenium-testng-study\target\selenium-testng-study-DEV-SNAPSHOT.jar;C:\Maven\apache-maven-3.6.3\repo\org\seleniumhq\selenium\selenium-java\3.9.1\selenium-java-3.9.1.jar;C:\Maven\apache-maven-3.6.3\repo\org\seleniumhq\selenium\selenium-api\3.9.1\selenium-api-3.9.1.jar;C:\Maven\apache-maven-3.6.3\repo\org\seleniumhq\selenium\selenium-chrome-driver\3.9.1\selenium-chrome-driver-3.9.1.jar;C:\Maven\apache-maven-3.6.3\repo\org\seleniumhq\selenium\selenium-edge-driver\3.9.1\selenium-edge-driver-3.9.1.jar;C:\Maven\apache-maven-3.6.3\repo\org\seleniumhq\selenium\selenium-firefox-driver\3.9.1\selenium-firefox-driver-3.9.1.jar;C:\Maven\apache-maven-3.6.3\repo\org\seleniumhq\selenium\selenium-ie-driver\3.9.1\selenium-ie-driver-3.9.1.jar;C:\Maven\apache-maven-3.6.3\repo\org\seleniumhq\selenium\selenium-opera-driver\3.9.1\selenium-opera-driver-3.9.1.jar;C:\Maven\apache-maven-3.6.3\repo\org\seleniumhq\selenium\selenium-remote-driver\3.9.1\selenium-remote-driver-3.9.1.jar;C:\Maven\apache-maven-3.6.3\repo\org\seleniumhq\selenium\selenium-safari-driver\3.9.1\selenium-safari-driver-3.9.1.jar;C:\Maven\apache-maven-3.6.3\repo\org\seleniumhq\selenium\selenium-support\3.9.1\selenium-support-3.9.1.jar;C:\Maven\apache-maven-3.6.3\repo\net\bytebuddy\byte-buddy\1.7.9\byte-buddy-1.7.9.jar;C:\Maven\apache-maven-3.6.3\repo\org\apache\commons\commons-exec\1.3\commons-exec-1.3.jar;C:\Maven\apache-maven-3.6.3\repo\commons-codec\commons-codec\1.10\commons-codec-1.10.jar;C:\Maven\apache-maven-3.6.3\repo\commons-logging\commons-logging\1.2\commons-logging-1.2.jar;C:\Maven\apache-maven-3.6.3\repo\com\google\code\gson\gson\2.8.2\gson-2.8.2.jar;C:\Maven\apache-maven-3.6.3\repo\com\google\guava\guava\23.6-jre\guava-23.6-jre.jar;C:\Maven\apache-maven-3.6.3\repo\com\google\code\findbugs\jsr305\1.3.9\jsr305-1.3.9.jar;C:\Maven\apache-maven-3.6.3\repo\org\checkerframework\checker-compat-qual\2.0.0\checker-compat-qual-2.0.0.jar;C:\Maven\apache-maven-3.6.3\repo\com\google\errorprone\error_prone_annotations\2.1.3\error_prone_annotations-2.1.3.jar;C:\Maven\apache-maven-3.6.3\repo\com\google\j2objc\j2objc-annotations\1.1\j2objc-annotations-1.1.jar;C:\Maven\apache-maven-3.6.3\repo\org\codehaus\mojo\animal-sniffer-annotations\1.14\animal-sniffer-annotations-1.14.jar;C:\Maven\apache-maven-3.6.3\repo\org\apache\httpcomponents\httpclient\4.5.3\httpclient-4.5.3.jar;C:\Maven\apache-maven-3.6.3\repo\org\apache\httpcomponents\httpcore\4.4.6\httpcore-4.4.6.jar;C:\Maven\apache-maven-3.6.3\repo\com\squareup\okhttp3\okhttp\3.9.1\okhttp-3.9.1.jar;C:\Maven\apache-maven-3.6.3\repo\com\squareup\okio\okio\1.13.0\okio-1.13.0.jar;C:\Maven\apache-maven-3.6.3\repo\org\testng\testng\6.14.3\testng-6.14.3.jar;C:\Maven\apache-maven-3.6.3\repo\com\beust\jcommander\1.72\jcommander-1.72.jar;C:\Maven\apache-maven-3.6.3\repo\org\apache-extras\beanshell\bsh\2.0b6\bsh-2.0b6.jar;C:\Maven\apache-maven-3.6.3\repo\org\apache\maven\plugins\maven-resources-plugin\2.5\maven-resources-plugin-2.5.jar;C:\Maven\apache-maven-3.6.3\repo\org\apache\maven\maven-plugin-api\2.0.6\maven-plugin-api-2.0.6.jar;C:\Maven\apache-maven-3.6.3\repo\org\apache\maven\maven-project\2.0.6\maven-project-2.0.6.jar;C:\Maven\apache-maven-3.6.3\repo\org\apache\maven\maven-profile\2.0.6\maven-profile-2.0.6.jar;C:\Maven\apache-maven-3.6.3\repo\org\apache\maven\maven-artifact-manager\2.0.6\maven-artifact-manager-2.0.6.jar;C:\Maven\apache-maven-3.6.3\repo\org\apache\maven\maven-plugin-registry\2.0.6\maven-plugin-registry-2.0.6.jar;C:\Maven\apache-maven-3.6.3\repo\org\apache\maven\maven-core\2.0.6\maven-core-2.0.6.jar;C:\Maven\apache-maven-3.6.3\repo\org\apache\maven\wagon\wagon-file\1.0-beta-2\wagon-file-1.0-beta-2.jar;C:\Maven\apache-maven-3.6.3\repo\org\apache\maven\maven-plugin-parameter-documenter\2.0.6\maven-plugin-parameter-documenter-2.0.6.jar;C:\Maven\apache-maven-3.6.3\repo\org\apache\maven\wagon\wagon-http-lightweight\1.0-beta-2\wagon-http-lightweight-1.0-beta-2.jar;C:\Maven\apache-maven-3.6.3\repo\org\apache\maven\wagon\wagon-http-shared\1.0-beta-2\wagon-http-shared-1.0-beta-2.jar;C:\Maven\apache-maven-3.6.3\repo\jtidy\jtidy\4aug2000r7-dev\jtidy-4aug2000r7-dev.jar;C:\Maven\apache-maven-3.6.3\repo\xml-apis\xml-apis\1.0.b2\xml-apis-1.0.b2.jar;C:\Maven\apache-maven-3.6.3\repo\org\apache\maven\reporting\maven-reporting-api\2.0.6\maven-reporting-api-2.0.6.jar;C:\Maven\apache-maven-3.6.3\repo\org\apache\maven\doxia\doxia-sink-api\1.0-alpha-7\doxia-sink-api-1.0-alpha-7.jar;C:\Maven\apache-maven-3.6.3\repo\org\apache\maven\wagon\wagon-provider-api\1.0-beta-2\wagon-provider-api-1.0-beta-2.jar;C:\Maven\apache-maven-3.6.3\repo\org\apache\maven\maven-repository-metadata\2.0.6\maven-repository-metadata-2.0.6.jar;C:\Maven\apache-maven-3.6.3\repo\org\apache\maven\maven-error-diagnostics\2.0.6\maven-error-diagnostics-2.0.6.jar;C:\Maven\apache-maven-3.6.3\repo\commons-cli\commons-cli\1.0\commons-cli-1.0.jar;C:\Maven\apache-maven-3.6.3\repo\org\apache\maven\wagon\wagon-ssh-external\1.0-beta-2\wagon-ssh-external-1.0-beta-2.jar;C:\Maven\apache-maven-3.6.3\repo\org\apache\maven\wagon\wagon-ssh-common\1.0-beta-2\wagon-ssh-common-1.0-beta-2.jar;C:\Maven\apache-maven-3.6.3\repo\org\apache\maven\maven-plugin-descriptor\2.0.6\maven-plugin-descriptor-2.0.6.jar;C:\Maven\apache-maven-3.6.3\repo\org\codehaus\plexus\plexus-interactivity-api\1.0-alpha-4\plexus-interactivity-api-1.0-alpha-4.jar;C:\Maven\apache-maven-3.6.3\repo\org\apache\maven\wagon\wagon-ssh\1.0-beta-2\wagon-ssh-1.0-beta-2.jar;C:\Maven\apache-maven-3.6.3\repo\com\jcraft\jsch\0.1.27\jsch-0.1.27.jar;C:\Maven\apache-maven-3.6.3\repo\classworlds\classworlds\1.1\classworlds-1.1.jar;C:\Maven\apache-maven-3.6.3\repo\org\apache\maven\maven-artifact\2.0.6\maven-artifact-2.0.6.jar;C:\Maven\apache-maven-3.6.3\repo\org\apache\maven\maven-settings\2.0.6\maven-settings-2.0.6.jar;C:\Maven\apache-maven-3.6.3\repo\org\apache\maven\maven-model\2.0.6\maven-model-2.0.6.jar;C:\Maven\apache-maven-3.6.3\repo\org\apache\maven\maven-monitor\2.0.6\maven-monitor-2.0.6.jar;C:\Maven\apache-maven-3.6.3\repo\org\codehaus\plexus\plexus-container-default\1.0-alpha-9-stable-1\plexus-container-default-1.0-alpha-9-stable-1.jar;C:\Maven\apache-maven-3.6.3\repo\junit\junit\3.8.1\junit-3.8.1.jar;C:\Maven\apache-maven-3.6.3\repo\org\codehaus\plexus\plexus-utils\2.0.5\plexus-utils-2.0.5.jar;C:\Maven\apache-maven-3.6.3\repo\org\apache\maven\shared\maven-filtering\1.0\maven-filtering-1.0.jar;C:\Maven\apache-maven-3.6.3\repo\org\sonatype\plexus\plexus-build-api\0.0.4\plexus-build-api-0.0.4.jar;C:\Maven\apache-maven-3.6.3\repo\org\codehaus\plexus\plexus-interpolation\1.13\plexus-interpolation-1.13.jar;C:\Maven\apache-maven-3.6.3\repo\org\apache\maven\surefire\surefire-testng-utils\2.21.0\surefire-testng-utils-2.21.0.jar;C:\Maven\apache-maven-3.6.3\repo\org\apache\maven\surefire\surefire-grouper\2.21.0\surefire-grouper-2.21.0.jar;"/>
    <property name="java.vm.vendor" value="Oracle Corporation"/>
    <property name="sun.arch.data.model" value="64"/>
    <property name="user.variant" value=""/>
    <property name="java.vendor.url" value="http://java.oracle.com/"/>
    <property name="user.timezone" value=""/>
    <property name="java.vm.specification.version" value="1.8"/>
    <property name="os.name" value="Windows 10"/>
    <property name="user.country" value="US"/>
    <property name="sun.java.launcher" value="SUN_STANDARD"/>
    <property name="sun.boot.library.path" value="C:\Program Files\Java\jdk1.8.0_241\jre\bin"/>
    <property name="sun.java.command" value="C:\Users\c5270503\AppData\Local\Temp\surefire3906886524101583550\surefirebooter1039322582748335601.jar C:\Users\c5270503\AppData\Local\Temp\surefire3906886524101583550 2020-07-23T09-33-08_078-jvmRun1 surefire3265281792802688353tmp surefire_06099667880143597189tmp"/>
    <property name="surefire.test.class.path" value="C:\GitIDEA\selenium-testng-study\target\test-classes;C:\GitIDEA\selenium-testng-study\target\selenium-testng-study-DEV-SNAPSHOT.jar;C:\Maven\apache-maven-3.6.3\repo\org\seleniumhq\selenium\selenium-java\3.9.1\selenium-java-3.9.1.jar;C:\Maven\apache-maven-3.6.3\repo\org\seleniumhq\selenium\selenium-api\3.9.1\selenium-api-3.9.1.jar;C:\Maven\apache-maven-3.6.3\repo\org\seleniumhq\selenium\selenium-chrome-driver\3.9.1\selenium-chrome-driver-3.9.1.jar;C:\Maven\apache-maven-3.6.3\repo\org\seleniumhq\selenium\selenium-edge-driver\3.9.1\selenium-edge-driver-3.9.1.jar;C:\Maven\apache-maven-3.6.3\repo\org\seleniumhq\selenium\selenium-firefox-driver\3.9.1\selenium-firefox-driver-3.9.1.jar;C:\Maven\apache-maven-3.6.3\repo\org\seleniumhq\selenium\selenium-ie-driver\3.9.1\selenium-ie-driver-3.9.1.jar;C:\Maven\apache-maven-3.6.3\repo\org\seleniumhq\selenium\selenium-opera-driver\3.9.1\selenium-opera-driver-3.9.1.jar;C:\Maven\apache-maven-3.6.3\repo\org\seleniumhq\selenium\selenium-remote-driver\3.9.1\selenium-remote-driver-3.9.1.jar;C:\Maven\apache-maven-3.6.3\repo\org\seleniumhq\selenium\selenium-safari-driver\3.9.1\selenium-safari-driver-3.9.1.jar;C:\Maven\apache-maven-3.6.3\repo\org\seleniumhq\selenium\selenium-support\3.9.1\selenium-support-3.9.1.jar;C:\Maven\apache-maven-3.6.3\repo\net\bytebuddy\byte-buddy\1.7.9\byte-buddy-1.7.9.jar;C:\Maven\apache-maven-3.6.3\repo\org\apache\commons\commons-exec\1.3\commons-exec-1.3.jar;C:\Maven\apache-maven-3.6.3\repo\commons-codec\commons-codec\1.10\commons-codec-1.10.jar;C:\Maven\apache-maven-3.6.3\repo\commons-logging\commons-logging\1.2\commons-logging-1.2.jar;C:\Maven\apache-maven-3.6.3\repo\com\google\code\gson\gson\2.8.2\gson-2.8.2.jar;C:\Maven\apache-maven-3.6.3\repo\com\google\guava\guava\23.6-jre\guava-23.6-jre.jar;C:\Maven\apache-maven-3.6.3\repo\com\google\code\findbugs\jsr305\1.3.9\jsr305-1.3.9.jar;C:\Maven\apache-maven-3.6.3\repo\org\checkerframework\checker-compat-qual\2.0.0\checker-compat-qual-2.0.0.jar;C:\Maven\apache-maven-3.6.3\repo\com\google\errorprone\error_prone_annotations\2.1.3\error_prone_annotations-2.1.3.jar;C:\Maven\apache-maven-3.6.3\repo\com\google\j2objc\j2objc-annotations\1.1\j2objc-annotations-1.1.jar;C:\Maven\apache-maven-3.6.3\repo\org\codehaus\mojo\animal-sniffer-annotations\1.14\animal-sniffer-annotations-1.14.jar;C:\Maven\apache-maven-3.6.3\repo\org\apache\httpcomponents\httpclient\4.5.3\httpclient-4.5.3.jar;C:\Maven\apache-maven-3.6.3\repo\org\apache\httpcomponents\httpcore\4.4.6\httpcore-4.4.6.jar;C:\Maven\apache-maven-3.6.3\repo\com\squareup\okhttp3\okhttp\3.9.1\okhttp-3.9.1.jar;C:\Maven\apache-maven-3.6.3\repo\com\squareup\okio\okio\1.13.0\okio-1.13.0.jar;C:\Maven\apache-maven-3.6.3\repo\org\testng\testng\6.14.3\testng-6.14.3.jar;C:\Maven\apache-maven-3.6.3\repo\com\beust\jcommander\1.72\jcommander-1.72.jar;C:\Maven\apache-maven-3.6.3\repo\org\apache-extras\beanshell\bsh\2.0b6\bsh-2.0b6.jar;C:\Maven\apache-maven-3.6.3\repo\org\apache\maven\plugins\maven-resources-plugin\2.5\maven-resources-plugin-2.5.jar;C:\Maven\apache-maven-3.6.3\repo\org\apache\maven\maven-plugin-api\2.0.6\maven-plugin-api-2.0.6.jar;C:\Maven\apache-maven-3.6.3\repo\org\apache\maven\maven-project\2.0.6\maven-project-2.0.6.jar;C:\Maven\apache-maven-3.6.3\repo\org\apache\maven\maven-profile\2.0.6\maven-profile-2.0.6.jar;C:\Maven\apache-maven-3.6.3\repo\org\apache\maven\maven-artifact-manager\2.0.6\maven-artifact-manager-2.0.6.jar;C:\Maven\apache-maven-3.6.3\repo\org\apache\maven\maven-plugin-registry\2.0.6\maven-plugin-registry-2.0.6.jar;C:\Maven\apache-maven-3.6.3\repo\org\apache\maven\maven-core\2.0.6\maven-core-2.0.6.jar;C:\Maven\apache-maven-3.6.3\repo\org\apache\maven\wagon\wagon-file\1.0-beta-2\wagon-file-1.0-beta-2.jar;C:\Maven\apache-maven-3.6.3\repo\org\apache\maven\maven-plugin-parameter-documenter\2.0.6\maven-plugin-parameter-documenter-2.0.6.jar;C:\Maven\apache-maven-3.6.3\repo\org\apache\maven\wagon\wagon-http-lightweight\1.0-beta-2\wagon-http-lightweight-1.0-beta-2.jar;C:\Maven\apache-maven-3.6.3\repo\org\apache\maven\wagon\wagon-http-shared\1.0-beta-2\wagon-http-shared-1.0-beta-2.jar;C:\Maven\apache-maven-3.6.3\repo\jtidy\jtidy\4aug2000r7-dev\jtidy-4aug2000r7-dev.jar;C:\Maven\apache-maven-3.6.3\repo\xml-apis\xml-apis\1.0.b2\xml-apis-1.0.b2.jar;C:\Maven\apache-maven-3.6.3\repo\org\apache\maven\reporting\maven-reporting-api\2.0.6\maven-reporting-api-2.0.6.jar;C:\Maven\apache-maven-3.6.3\repo\org\apache\maven\doxia\doxia-sink-api\1.0-alpha-7\doxia-sink-api-1.0-alpha-7.jar;C:\Maven\apache-maven-3.6.3\repo\org\apache\maven\wagon\wagon-provider-api\1.0-beta-2\wagon-provider-api-1.0-beta-2.jar;C:\Maven\apache-maven-3.6.3\repo\org\apache\maven\maven-repository-metadata\2.0.6\maven-repository-metadata-2.0.6.jar;C:\Maven\apache-maven-3.6.3\repo\org\apache\maven\maven-error-diagnostics\2.0.6\maven-error-diagnostics-2.0.6.jar;C:\Maven\apache-maven-3.6.3\repo\commons-cli\commons-cli\1.0\commons-cli-1.0.jar;C:\Maven\apache-maven-3.6.3\repo\org\apache\maven\wagon\wagon-ssh-external\1.0-beta-2\wagon-ssh-external-1.0-beta-2.jar;C:\Maven\apache-maven-3.6.3\repo\org\apache\maven\wagon\wagon-ssh-common\1.0-beta-2\wagon-ssh-common-1.0-beta-2.jar;C:\Maven\apache-maven-3.6.3\repo\org\apache\maven\maven-plugin-descriptor\2.0.6\maven-plugin-descriptor-2.0.6.jar;C:\Maven\apache-maven-3.6.3\repo\org\codehaus\plexus\plexus-interactivity-api\1.0-alpha-4\plexus-interactivity-api-1.0-alpha-4.jar;C:\Maven\apache-maven-3.6.3\repo\org\apache\maven\wagon\wagon-ssh\1.0-beta-2\wagon-ssh-1.0-beta-2.jar;C:\Maven\apache-maven-3.6.3\repo\com\jcraft\jsch\0.1.27\jsch-0.1.27.jar;C:\Maven\apache-maven-3.6.3\repo\classworlds\classworlds\1.1\classworlds-1.1.jar;C:\Maven\apache-maven-3.6.3\repo\org\apache\maven\maven-artifact\2.0.6\maven-artifact-2.0.6.jar;C:\Maven\apache-maven-3.6.3\repo\org\apache\maven\maven-settings\2.0.6\maven-settings-2.0.6.jar;C:\Maven\apache-maven-3.6.3\repo\org\apache\maven\maven-model\2.0.6\maven-model-2.0.6.jar;C:\Maven\apache-maven-3.6.3\repo\org\apache\maven\maven-monitor\2.0.6\maven-monitor-2.0.6.jar;C:\Maven\apache-maven-3.6.3\repo\org\codehaus\plexus\plexus-container-default\1.0-alpha-9-stable-1\plexus-container-default-1.0-alpha-9-stable-1.jar;C:\Maven\apache-maven-3.6.3\repo\junit\junit\3.8.1\junit-3.8.1.jar;C:\Maven\apache-maven-3.6.3\repo\org\codehaus\plexus\plexus-utils\2.0.5\plexus-utils-2.0.5.jar;C:\Maven\apache-maven-3.6.3\repo\org\apache\maven\shared\maven-filtering\1.0\maven-filtering-1.0.jar;C:\Maven\apache-maven-3.6.3\repo\org\sonatype\plexus\plexus-build-api\0.0.4\plexus-build-api-0.0.4.jar;C:\Maven\apache-maven-3.6.3\repo\org\codehaus\plexus\plexus-interpolation\1.13\plexus-interpolation-1.13.jar;C:\Maven\apache-maven-3.6.3\repo\org\apache\maven\surefire\surefire-testng-utils\2.21.0\surefire-testng-utils-2.21.0.jar;C:\Maven\apache-maven-3.6.3\repo\org\apache\maven\surefire\surefire-grouper\2.21.0\surefire-grouper-2.21.0.jar;"/>
    <property name="sun.cpu.endian" value="little"/>
    <property name="user.home" value="C:\Users\c5270503"/>
    <property name="user.language" value="en"/>
    <property name="java.specification.vendor" value="Oracle Corporation"/>
    <property name="java.home" value="C:\Program Files\Java\jdk1.8.0_241\jre"/>
    <property name="basedir" value="C:\GitIDEA\selenium-testng-study"/>
    <property name="file.separator" value="\"/>
    <property name="line.separator" value="&#10;"/>
    <property name="java.vm.specification.vendor" value="Oracle Corporation"/>
    <property name="java.specification.name" value="Java Platform API Specification"/>
    <property name="java.awt.graphicsenv" value="sun.awt.Win32GraphicsEnvironment"/>
    <property name="surefire.real.class.path" value="C:\Users\c5270503\AppData\Local\Temp\surefire3906886524101583550\surefirebooter1039322582748335601.jar"/>
    <property name="sun.boot.class.path" value="C:\Program Files\Java\jdk1.8.0_241\jre\lib\resources.jar;C:\Program Files\Java\jdk1.8.0_241\jre\lib\rt.jar;C:\Program Files\Java\jdk1.8.0_241\jre\lib\sunrsasign.jar;C:\Program Files\Java\jdk1.8.0_241\jre\lib\jsse.jar;C:\Program Files\Java\jdk1.8.0_241\jre\lib\jce.jar;C:\Program Files\Java\jdk1.8.0_241\jre\lib\charsets.jar;C:\Program Files\Java\jdk1.8.0_241\jre\lib\jfr.jar;C:\Program Files\Java\jdk1.8.0_241\jre\classes"/>
    <property name="user.script" value=""/>
    <property name="sun.management.compiler" value="HotSpot 64-Bit Tiered Compilers"/>
    <property name="java.runtime.version" value="1.8.0_241-b07"/>
    <property name="user.name" value="C5270503"/>
    <property name="path.separator" value=";"/>
    <property name="os.version" value="10.0"/>
    <property name="java.endorsed.dirs" value="C:\Program Files\Java\jdk1.8.0_241\jre\lib\endorsed"/>
    <property name="java.runtime.name" value="Java(TM) SE Runtime Environment"/>
    <property name="file.encoding" value="Cp1252"/>
    <property name="browser" value="chrome"/>
    <property name="java.vm.name" value="Java HotSpot(TM) 64-Bit Server VM"/>
    <property name="localRepository" value="C:\Maven\apache-maven-3.6.3\repo"/>
    <property name="java.vendor.url.bug" value="http://bugreport.sun.com/bugreport/"/>
    <property name="java.io.tmpdir" value="C:\Users\c5270503\AppData\Local\Temp\"/>
    <property name="java.version" value="1.8.0_241"/>
    <property name="user.dir" value="C:\GitIDEA\selenium-testng-study"/>
    <property name="os.arch" value="amd64"/>
    <property name="java.vm.specification.name" value="Java Virtual Machine Specification"/>
    <property name="java.awt.printerjob" value="sun.awt.windows.WPrinterJob"/>
    <property name="sun.os.patch.level" value=""/>
    <property name="java.library.path" value="C:\Program Files\Java\jdk1.8.0_241\jre\bin;C:\WINDOWS\Sun\Java\bin;C:\WINDOWS\system32;C:\WINDOWS;C:\Program Files (x86)\Common Files\Oracle\Java\javapath;C:\oracle\C5270503\product\11.2.0\dbhome_1\bin;C:\ProgramData\Oracle\Java\javapath;C:\WINDOWS\system32;C:\WINDOWS;C:\WINDOWS\System32\Wbem;C:\WINDOWS\System32\WindowsPowerShell\v1.0\;C:\Software\Perforce\;C:\Program Files (x86)\HP\bin;C:\WINDOWS\System32\OpenSSH\;C:\Program Files\Java\jdk1.8.0_241\bin ? C:\Program Files\Java\jdk1.8.0_241\jre\bin;C:\Selina_OnP\Automation\maven3.6.0\bin;C:\Git\Git\cmd;C:\Maven\apache-maven-3.6.3\bin;C:\GitIDEA\selenium-testng-study;C:\Users\c5270503\AppData\Local\Microsoft\WindowsApps;C:\Program Files\Java\jdk1.8.0_241\bin ? C:\Program Files\Java\jdk1.8.0_241\jre\bin;;."/>
    <property name="java.vm.info" value="mixed mode"/>
    <property name="java.vendor" value="Oracle Corporation"/>
    <property name="java.vm.version" value="25.241-b07"/>
    <property name="java.ext.dirs" value="C:\Program Files\Java\jdk1.8.0_241\jre\lib\ext;C:\WINDOWS\Sun\Java\lib\ext"/>
    <property name="sun.io.unicode.encoding" value="UnicodeLittle"/>
    <property name="java.class.version" value="52.0"/>
  </properties>
  <testcase name="googleMilkExample" classname="com.selenium.BasicIT" time="11.602"/>
  <testcase name="googleCheeseExample" classname="com.selenium.BasicIT" time="15.722"/>
</testsuite>