<?xml version="1.0" encoding="UTF-8"?>
<!-- Generated by org.testng.reporters.JUnitReportReporter -->
<testsuite hostname="PVGN56590495A" failures="0" tests="3" name="webDriver3.chapter12.DataProviderTest" time="66.987" errors="0" timestamp="16 Sep 2020 06:14:51 GMT" skipped="0">
  <testcase classname="webDriver3.chapter12.DataProviderTest" name="test" time="23.715"/>
  <testcase classname="webDriver3.chapter12.DataProviderTest" name="test" time="19.432"/>
  <testcase classname="webDriver3.chapter12.DataProviderTest" name="test" time="23.840"/>
</testsuite> <!-- webDriver3.chapter12.DataProviderTest -->
