<?xml version="1.0" encoding="UTF-8"?>
<!-- Generated by org.testng.reporters.JUnitReportReporter -->
<testsuite hostname="PVGN56590495A" failures="0" tests="4" name="webDriver3.chapter12.TestDataDrivenByCSVFile" time="69.321" errors="0" timestamp="16 Sep 2020 06:14:51 GMT" skipped="0">
  <testcase classname="webDriver3.chapter12.TestDataDrivenByCSVFile" name="testSearch" time="17.468"/>
  <testcase classname="webDriver3.chapter12.TestDataDrivenByCSVFile" name="testSearch" time="17.397"/>
  <testcase classname="webDriver3.chapter12.TestDataDrivenByCSVFile" name="testSearch" time="17.129"/>
  <testcase classname="webDriver3.chapter12.TestDataDrivenByCSVFile" name="testSearch" time="17.327"/>
</testsuite> <!-- webDriver3.chapter12.TestDataDrivenByCSVFile -->
